[debug] > Exec(early(addDefaultCommands), None, None)
[debug] > Exec(addDefaultCommands, None, None)
[debug] > Exec(early(initialize), None, None)
[debug] > Exec(initialize, None, None)
[debug] > Exec(early(addPluginSbtFile="""C:\Users\USER\AppData\Local\Temp\idea.sbt"""), None, None)
[debug] > Exec(addPluginSbtFile="""C:\Users\USER\AppData\Local\Temp\idea.sbt""", None, None)
[debug] > Exec(boot, None, None)
[debug] > Exec(writeSbtVersion, None, None)
[debug] > Exec(reload, None, None)
[debug] > Exec(sbtStashOnFailure, None, None)
[debug] > Exec(onFailure loadFailed, None, None)
[debug] > Exec(loadp, None, None)
[info] welcome to sbt 1.9.7 (Oracle Corporation Java 21.0.1)
[debug]       Load.loadUnit: plugins took 492.9638ms
[debug]       Load.loadUnit: defsScala took 1.4315ms
[debug] [Loading] Scanning directory C:\Users\USER\.sbt\1.0\plugins
[debug] [Loading] Found non-root projects 
[debug] [Loading] Done in C:\Users\USER\.sbt\1.0\plugins, returning: ()
[debug] deducing auto plugins based on known facts Set(Atom(sbt.plugins.CorePlugin)) and clauses Clauses(Clause(Atom(sbt.plugins.JvmPlugin),Set(Atom(sbt.plugins.IvyPlugin)))
[debug] Clause(Atom(sbt.ScriptedPlugin),Set(Atom(sbt.plugins.JvmPlugin)))
[debug] Clause(Atom(sbt.plugins.SbtPlugin),Set(Atom(sbt.ScriptedPlugin)))
[debug] Clause(Atom(sbt.plugins.SemanticdbPlugin),Set(Atom(sbt.plugins.JvmPlugin)))
[debug] Clause(Atom(sbt.plugins.JUnitXmlReportPlugin),Set(Atom(sbt.plugins.JvmPlugin)))
[debug] Clause(Atom(sbt.plugins.MiniDependencyTreePlugin),Set(Atom(sbt.plugins.JvmPlugin)))
[debug] Clause(Atom(sbt.plugins.CorePlugin),Set(Atom(sbt.plugins.IvyPlugin)))
[debug] Clause(Atom(sbt.plugins.IvyPlugin),Set(Atom(sbt.plugins.JvmPlugin)))
[debug] Clause(Atom(sbt.plugins.JvmPlugin),Set(Atom(sbt.plugins.SemanticdbPlugin)))
[debug] Clause(Atom(sbt.plugins.JvmPlugin),Set(Atom(sbt.plugins.JUnitXmlReportPlugin)))
[debug] Clause(Atom(sbt.plugins.CorePlugin),Set(Atom(sbt.plugins.Giter8TemplatePlugin)))
[debug] Clause(Atom(sbt.plugins.JvmPlugin),Set(Atom(sbt.plugins.MiniDependencyTreePlugin))))
[debug]   :: deduced result: Matched(sbt.plugins.CorePlugin,sbt.plugins.Giter8TemplatePlugin,sbt.plugins.IvyPlugin,sbt.plugins.JvmPlugin,sbt.plugins.MiniDependencyTreePlugin,sbt.plugins.JUnitXmlReportPlugin,sbt.plugins.SemanticdbPlugin)
[debug] Plugins.deducer#function took 127.1218 ms
[debug]           Load.resolveProject(global-plugins) took 284.6257ms
[debug]         Load.loadTransitive: finalizeProject(Project(id global-plugins, base: C:\Users\USER\.sbt\1.0\plugins, plugins: List(<none>))) took 890.293ms
[debug] [Loading] Done in C:\Users\USER\.sbt\1.0\plugins, returning: (global-plugins)
[debug]       Load.loadUnit: loadedProjectsRaw took 1007.4969ms
[debug]       Load.loadUnit: cleanEvalClasses took 1.4346ms
[debug]     Load.loadUnit(file:/C:/Users/USER/.sbt/1.0/plugins/, ...) took 1630.2719ms
[debug]   Load.apply: load took 2538.9449ms
[debug]   Load.apply: resolveProjects took 26.9631ms
[debug]   Load.apply: finalTransforms took 231.9213ms
[debug]   Load.apply: config.delegates took 29.5795ms
[debug]   Load.apply: Def.make(settings)... took 3206.0445ms
[debug]   Load.apply: structureIndex took 211.4457ms
[debug]   Load.apply: mkStreams took 2.9593ms
[info] loading global plugins from C:\Users\USER\.sbt\1.0\plugins
[debug] Running task... Cancel: Signal, check cycles: false, forcegc: true
[debug] Load.defaultLoad until apply took 16919.8639ms
[debug]           Load.loadUnit: plugins took 66.264ms
[debug]           Load.loadUnit: defsScala took 0.0068ms
[debug] [Loading] Scanning directory C:\Users\USER\Desktop\projects\Project-Vidi\microservices\GlassIcon - The Glassy Identicon2\project
[debug]             Load.loadUnit: mkEval took 14.3256ms
[debug] [Loading] Found non-root projects 
[debug] [Loading] Done in C:\Users\USER\Desktop\projects\Project-Vidi\microservices\GlassIcon - The Glassy Identicon2\project, returning: ()
[debug] deducing auto plugins based on known facts Set(Atom(sbt.plugins.CorePlugin)) and clauses Clauses(Clause(Atom(sbt.plugins.JvmPlugin),Set(Atom(sbt.plugins.IvyPlugin)))
[debug] Clause(Atom(sbt.ScriptedPlugin),Set(Atom(sbt.plugins.JvmPlugin)))
[debug] Clause(Atom(sbt.plugins.SbtPlugin),Set(Atom(sbt.ScriptedPlugin)))
[debug] Clause(Atom(sbt.plugins.SemanticdbPlugin),Set(Atom(sbt.plugins.JvmPlugin)))
[debug] Clause(Atom(sbt.plugins.JUnitXmlReportPlugin),Set(Atom(sbt.plugins.JvmPlugin)))
[debug] Clause(Atom(sbt.plugins.MiniDependencyTreePlugin),Set(Atom(sbt.plugins.JvmPlugin)))
[debug] Clause(Atom(sbt.plugins.CorePlugin),Set(Atom(sbt.plugins.IvyPlugin)))
[debug] Clause(Atom(sbt.plugins.IvyPlugin),Set(Atom(sbt.plugins.JvmPlugin)))
[debug] Clause(Atom(sbt.plugins.JvmPlugin),Set(Atom(sbt.plugins.SemanticdbPlugin)))
[debug] Clause(Atom(sbt.plugins.JvmPlugin),Set(Atom(sbt.plugins.JUnitXmlReportPlugin)))
[debug] Clause(Atom(sbt.plugins.CorePlugin),Set(Atom(sbt.plugins.Giter8TemplatePlugin)))
[debug] Clause(Atom(sbt.plugins.JvmPlugin),Set(Atom(sbt.plugins.MiniDependencyTreePlugin))))
[debug]   :: deduced result: Matched(sbt.plugins.CorePlugin,sbt.plugins.Giter8TemplatePlugin,sbt.plugins.IvyPlugin,sbt.plugins.JvmPlugin,sbt.plugins.MiniDependencyTreePlugin,sbt.plugins.JUnitXmlReportPlugin,sbt.plugins.SemanticdbPlugin)
[debug] Plugins.deducer#function took 3.4215 ms
[info] loading settings for project glassicon-the-glassy-identicon2-build from idea.sbt ...
[debug]               Load.resolveProject(glassicon-the-glassy-identicon2-build) took 3.9423ms
[debug]             Load.loadTransitive: finalizeProject(Project(id glassicon-the-glassy-identicon2-build, base: C:\Users\USER\Desktop\projects\Project-Vidi\microservices\GlassIcon - The Glassy Identicon2\project, plugins: List(<none>))) took 8.0391ms
[debug] [Loading] Done in C:\Users\USER\Desktop\projects\Project-Vidi\microservices\GlassIcon - The Glassy Identicon2\project, returning: (glassicon-the-glassy-identicon2-build)
[debug]           Load.loadUnit: loadedProjectsRaw took 5186.2791ms
[debug]           Load.loadUnit: cleanEvalClasses took 11.424ms
[debug]         Load.loadUnit(file:/C:/Users/USER/Desktop/projects/Project-Vidi/microservices/GlassIcon%20-%20The%20Glassy%20Identicon2/project/, ...) took 5265.8236ms
[debug]       Load.apply: load took 5269.512ms
[debug]       Load.apply: resolveProjects took 0.3462ms
[debug]       Load.apply: finalTransforms took 16.9201ms
[debug]       Load.apply: config.delegates took 0.4449ms
[debug]       Load.apply: Def.make(settings)... took 125.3162ms
[debug]       Load.apply: structureIndex took 49.6845ms
[debug]       Load.apply: mkStreams took 0.0023ms
[info] loading project definition from C:\Users\USER\Desktop\projects\Project-Vidi\microservices\GlassIcon - The Glassy Identicon2\project
[debug] Running task... Cancel: Signal, check cycles: false, forcegc: true
[warn] Unrecognized repository Scala Plugin Bundled Repository, ignoring it
[warn] Unrecognized repository Scala Plugin Bundled Repository, ignoring it
[debug]     Load.loadUnit: plugins took 10330.6003ms
[debug]     Load.loadUnit: defsScala took 0.0043ms
[debug] [Loading] Scanning directory C:\Users\USER\Desktop\projects\Project-Vidi\microservices\GlassIcon - The Glassy Identicon2
[debug]       Load.loadUnit: mkEval took 0.4614ms
[debug] [Loading] Found root project root w/ remaining 
[debug] deducing auto plugins based on known facts Set(Atom(sbt.plugins.CorePlugin)) and clauses Clauses(Clause(Atom(sbt.plugins.JvmPlugin),Set(Atom(sbt.plugins.IvyPlugin)))
[debug] Clause(Atom(sbt.ScriptedPlugin),Set(Atom(sbt.plugins.JvmPlugin)))
[debug] Clause(Atom(sbt.plugins.SbtPlugin),Set(Atom(sbt.ScriptedPlugin)))
[debug] Clause(Atom(sbt.plugins.SemanticdbPlugin),Set(Atom(sbt.plugins.JvmPlugin)))
[debug] Clause(Atom(sbt.plugins.JUnitXmlReportPlugin),Set(Atom(sbt.plugins.JvmPlugin)))
[debug] Clause(Atom(sbt.plugins.MiniDependencyTreePlugin),Set(Atom(sbt.plugins.JvmPlugin)))
[debug] Clause(Atom(org.jetbrains.sbt.StructurePlugin),Set(Atom(sbt.plugins.JvmPlugin)))
[debug] Clause(Atom(org.jetbrains.sbt.IdeaShellPlugin),Set(Atom(sbt.plugins.JvmPlugin)))
[debug] Clause(Atom(org.jetbrains.sbt.indices.SbtIntellijIndicesPlugin),Set(Atom(sbt.plugins.JvmPlugin)))
[debug] Clause(Atom(sbt.plugins.CorePlugin),Set(Atom(sbt.plugins.IvyPlugin)))
[debug] Clause(Atom(sbt.plugins.IvyPlugin),Set(Atom(sbt.plugins.JvmPlugin)))
[debug] Clause(Atom(sbt.plugins.JvmPlugin),Set(Atom(sbt.plugins.SemanticdbPlugin)))
[debug] Clause(Atom(sbt.plugins.JvmPlugin),Set(Atom(sbt.plugins.JUnitXmlReportPlugin)))
[debug] Clause(Atom(sbt.plugins.CorePlugin),Set(Atom(sbt.plugins.Giter8TemplatePlugin)))
[debug] Clause(Atom(sbt.plugins.JvmPlugin),Set(Atom(sbt.plugins.MiniDependencyTreePlugin)))
[debug] Clause(Atom(sbt.plugins.JvmPlugin),Set(Atom(org.jetbrains.sbt.StructurePlugin)))
[debug] Clause(Atom(sbt.plugins.JvmPlugin),Set(Atom(org.jetbrains.sbt.IdeaShellPlugin)))
[debug] Clause(And(Set(Atom(sbt.plugins.CorePlugin), Atom(sbt.plugins.JvmPlugin))),Set(Atom(org.jetbrains.sbt.indices.SbtIntellijIndicesPlugin))))
[debug]   :: deduced result: Matched(sbt.plugins.CorePlugin,sbt.plugins.Giter8TemplatePlugin,sbt.plugins.IvyPlugin,sbt.plugins.JvmPlugin,sbt.plugins.SemanticdbPlugin,org.jetbrains.sbt.indices.SbtIntellijIndicesPlugin,sbt.plugins.JUnitXmlReportPlugin,org.jetbrains.sbt.IdeaShellPlugin,org.jetbrains.sbt.StructurePlugin,sbt.plugins.MiniDependencyTreePlugin)
[debug] Plugins.deducer#function took 7.9261 ms
[info] loading settings for project root from build.sbt ...
[debug]         Load.resolveProject(root) took 111.8183ms
[debug]       Load.loadTransitive: finalizeProject(Project(id root, base: C:\Users\USER\Desktop\projects\Project-Vidi\microservices\GlassIcon - The Glassy Identicon2, plugins: List(<none>))) took 124.6801ms
[debug] [Loading] Done in C:\Users\USER\Desktop\projects\Project-Vidi\microservices\GlassIcon - The Glassy Identicon2, returning: (root)
[debug]     Load.loadUnit: loadedProjectsRaw took 2886.2083ms
[debug]     Load.loadUnit: cleanEvalClasses took 15.148ms
[debug]   Load.loadUnit(file:/C:/Users/USER/Desktop/projects/Project-Vidi/microservices/GlassIcon%20-%20The%20Glassy%20Identicon2/, ...) took 13233.6746ms
[debug] Load.apply: load took 13238.7185ms
[debug] Load.apply: resolveProjects took 0.1645ms
[debug] Load.apply: finalTransforms took 73.7695ms
[debug] Load.apply: config.delegates took 0.5985ms
[debug] Load.apply: Def.make(settings)... took 284.636ms
[debug] Load.apply: structureIndex took 57.8805ms
[debug] Load.apply: mkStreams took 0.0027ms
[info] set current project to Glassicon - The glassy Identicon (in build file:/C:/Users/USER/Desktop/projects/Project-Vidi/microservices/GlassIcon%20-%20The%20Glassy%20Identicon2/)
[debug] > Exec(sbtPopOnFailure, None, None)
[debug] > Exec(resumeFromFailure, None, None)
[debug] > Exec(notifyUsersAboutShell, None, None)
[debug] > Exec(iflast shell, None, None)
[debug] > Exec(idea-shell, None, None)
